[    0.000000] Initializing cgroup subsys cpuset
[    0.000000] Initializing cgroup subsys cpu
[    0.000000] Initializing cgroup subsys cpuacct
[    0.000000] Linux version 4.4.0-210-generic (buildd@lgw01-amd64-009) (gcc version 5.4.0 20160609 (Ubuntu 5.4.0-6ubuntu1~16.04.12) ) #242-Ubuntu SMP Fri Apr 16 09:57:56 UTC 2021 (Ubuntu 4.4.0-210.242-generic 4.4.262)
[    0.000000] Command line: BOOT_IMAGE=/boot/vmlinuz-4.4.0-210-generic root=LABEL=cloudimg-rootfs ro console=tty1 console=ttyS0
[    0.000000] KERNEL supported cpus:
[    0.000000]   Intel GenuineIntel
[    0.000000]   AMD AuthenticAMD
[    0.000000]   Centaur CentaurHauls
[    0.000000] x86/fpu: xstate_offset[2]:  576, xstate_sizes[2]:  256
[    0.000000] x86/fpu: Supporting XSAVE feature 0x01: 'x87 floating point registers'
[    0.000000] x86/fpu: Supporting XSAVE feature 0x02: 'SSE registers'
[    0.000000] x86/fpu: Supporting XSAVE feature 0x04: 'AVX registers'
[    0.000000] x86/fpu: Enabled xstate features 0x7, context size is 832 bytes, using 'standard' format.
[    0.000000] e820: BIOS-provided physical RAM map:
[    0.000000] BIOS-e820: [mem 0x0000000000000000-0x000000000009fbff] usable
[    0.000000] BIOS-e820: [mem 0x000000000009fc00-0x000000000009ffff] reserved
[    0.000000] BIOS-e820: [mem 0x00000000000f0000-0x00000000000fffff] reserved
[    0.000000] BIOS-e820: [mem 0x0000000000100000-0x000000001ffeffff] usable
[    0.000000] BIOS-e820: [mem 0x000000001fff0000-0x000000001fffffff] ACPI data
[    0.000000] BIOS-e820: [mem 0x00000000fec00000-0x00000000fec00fff] reserved
[    0.000000] BIOS-e820: [mem 0x00000000fee00000-0x00000000fee00fff] reserved
[    0.000000] BIOS-e820: [mem 0x00000000fffc0000-0x00000000ffffffff] reserved
[    0.000000] NX (Execute Disable) protection: active
[    0.000000] SMBIOS 2.5 present.
[    0.000000] Hypervisor detected: KVM
[    0.000000] e820: last_pfn = 0x1fff0 max_arch_pfn = 0x400000000
[    0.000000] MTRR: Disabled
[    0.000000] x86/PAT: MTRRs disabled, skipping PAT initialization too.
[    0.000000] CPU MTRRs all blank - virtualized system.
[    0.000000] x86/PAT: Configuration [0-7]: WB  WT  UC- UC  WB  WT  UC- UC  
[    0.000000] found SMP MP-table at [mem 0x0009fff0-0x0009ffff] mapped at [ffff88000009fff0]
[    0.000000] Scanning 1 areas for low memory corruption
[    0.000000] RAMDISK: [mem 0x1e8c2000-0x1f74bfff]
[    0.000000] ACPI: Early table checksum verification disabled
[    0.000000] ACPI: RSDP 0x00000000000E0000 000024 (v02 VBOX  )
[    0.000000] ACPI: XSDT 0x000000001FFF0030 00003C (v01 VBOX   VBOXXSDT 00000001 ASL  00000061)
[    0.000000] ACPI: FACP 0x000000001FFF00F0 0000F4 (v04 VBOX   VBOXFACP 00000001 ASL  00000061)
[    0.000000] ACPI: DSDT 0x000000001FFF0470 002325 (v02 VBOX   VBOXBIOS 00000002 INTL 20200925)
[    0.000000] ACPI: FACS 0x000000001FFF0200 000040
[    0.000000] ACPI: FACS 0x000000001FFF0200 000040
[    0.000000] ACPI: APIC 0x000000001FFF0240 00005C (v02 VBOX   VBOXAPIC 00000001 ASL  00000061)
[    0.000000] ACPI: SSDT 0x000000001FFF02A0 0001CC (v01 VBOX   VBOXCPUT 00000002 INTL 20200925)
[    0.000000] No NUMA configuration found
[    0.000000] Faking a node at [mem 0x0000000000000000-0x000000001ffeffff]
[    0.000000] NODE_DATA(0) allocated [mem 0x1ffeb000-0x1ffeffff]
[    0.000000] kvm-clock: Using msrs 4b564d01 and 4b564d00
[    0.000000] kvm-clock: cpu 0, msr 0:1ffe3001, primary cpu clock
[    0.000000] kvm-clock: using sched offset of 3277833118 cycles
[    0.000000] clocksource: kvm-clock: mask: 0xffffffffffffffff max_cycles: 0x1cd42e4dffb, max_idle_ns: 881590591483 ns
[    0.000000] Zone ranges:
[    0.000000]   DMA      [mem 0x0000000000001000-0x0000000000ffffff]
[    0.000000]   DMA32    [mem 0x0000000001000000-0x000000001ffeffff]
[    0.000000]   Normal   empty
[    0.000000]   Device   empty
[    0.000000] Movable zone start for each node
[    0.000000] Early memory node ranges
[    0.000000]   node   0: [mem 0x0000000000001000-0x000000000009efff]
[    0.000000]   node   0: [mem 0x0000000000100000-0x000000001ffeffff]
[    0.000000] Initmem setup node 0 [mem 0x0000000000001000-0x000000001ffeffff]
[    0.000000] ACPI: PM-Timer IO Port: 0x4008
[    0.000000] IOAPIC[0]: apic_id 2, version 32, address 0xfec00000, GSI 0-23
[    0.000000] ACPI: INT_SRC_OVR (bus 0 bus_irq 0 global_irq 2 dfl dfl)
[    0.000000] ACPI: INT_SRC_OVR (bus 0 bus_irq 9 global_irq 9 low level)
[    0.000000] Using ACPI (MADT) for SMP configuration information
[    0.000000] smpboot: Allowing 2 CPUs, 0 hotplug CPUs
[    0.000000] PM: Registered nosave memory: [mem 0x00000000-0x00000fff]
[    0.000000] PM: Registered nosave memory: [mem 0x0009f000-0x0009ffff]
[    0.000000] PM: Registered nosave memory: [mem 0x000a0000-0x000effff]
[    0.000000] PM: Registered nosave memory: [mem 0x000f0000-0x000fffff]
[    0.000000] e820: [mem 0x20000000-0xfebfffff] available for PCI devices
[    0.000000] Booting paravirtualized kernel on KVM
[    0.000000] clocksource: refined-jiffies: mask: 0xffffffff max_cycles: 0xffffffff, max_idle_ns: 7645519600211568 ns
[    0.000000] setup_percpu: NR_CPUS:512 nr_cpumask_bits:512 nr_cpu_ids:2 nr_node_ids:1
[    0.000000] PERCPU: Embedded 33 pages/cpu @ffff88001fc00000 s95192 r8192 d31784 u1048576
[    0.000000] Built 1 zonelists in Node order, mobility grouping on.  Total pages: 128888
[    0.000000] Policy zone: DMA32
[    0.000000] Kernel command line: BOOT_IMAGE=/boot/vmlinuz-4.4.0-210-generic root=LABEL=cloudimg-rootfs ro console=tty1 console=ttyS0
[    0.000000] PID hash table entries: 2048 (order: 2, 16384 bytes)
[    0.000000] Memory: 481712K/523832K available (8644K kernel code, 1332K rwdata, 4044K rodata, 1492K init, 1164K bss, 42120K reserved, 0K cma-reserved)
[    0.000000] SLUB: HWalign=64, Order=0-3, MinObjects=0, CPUs=2, Nodes=1
[    0.000000] Kernel/User page tables isolation: enabled
[    0.000000] Hierarchical RCU implementation.
[    0.000000] 	Build-time adjustment of leaf fanout to 64.
[    0.000000] 	RCU restricting CPUs from NR_CPUS=512 to nr_cpu_ids=2.
[    0.000000] RCU: Adjusting geometry for rcu_fanout_leaf=64, nr_cpu_ids=2
[    0.000000] NR_IRQS:33024 nr_irqs:440 16
[    0.000000] Console: colour VGA+ 80x25
[    0.000000] console [tty1] enabled
[    0.000000] console [ttyS0] enabled
[    0.000000] tsc: Detected 3399.012 MHz processor
[    0.105545] Calibrating delay loop (skipped) preset value.. 6798.02 BogoMIPS (lpj=13596048)
[    0.107013] pid_max: default: 32768 minimum: 301
[    0.107790] ACPI: Core revision 20150930
[    0.109229] ACPI: 2 ACPI AML tables successfully acquired and loaded
[    0.110309] Security Framework initialized
[    0.110965] Yama: becoming mindful.
[    0.111605] AppArmor: AppArmor initialized
[    0.112405] Dentry cache hash table entries: 65536 (order: 7, 524288 bytes)
[    0.113541] Inode-cache hash table entries: 32768 (order: 6, 262144 bytes)
[    0.114566] Mount-cache hash table entries: 1024 (order: 1, 8192 bytes)
[    0.115559] Mountpoint-cache hash table entries: 1024 (order: 1, 8192 bytes)
[    0.116670] Initializing cgroup subsys io
[    0.117436] Initializing cgroup subsys memory
[    0.118182] Initializing cgroup subsys devices
[    0.118921] Initializing cgroup subsys freezer
[    0.119663] Initializing cgroup subsys net_cls
[    0.120409] Initializing cgroup subsys perf_event
[    0.121247] Initializing cgroup subsys net_prio
[    0.121982] Initializing cgroup subsys hugetlb
[    0.122756] Initializing cgroup subsys pids
[    0.129126] mce: CPU supports 0 MCE banks
[    0.129952] Last level iTLB entries: 4KB 1024, 2MB 1024, 4MB 1024
[    0.130857] Last level dTLB entries: 4KB 1024, 2MB 1024, 4MB 1024, 1GB 4
[    0.131921] Spectre V1 : Mitigation: usercopy/swapgs barriers and __user pointer sanitization
[    0.133293] Spectre V2 : Mitigation: Full generic retpoline
[    0.134188] Spectre V2 : Spectre v2 / SpectreRSB mitigation: Filling RSB on context switch
[    0.136829] Speculative Store Bypass: Vulnerable
[    0.137654] SRBDS: Unknown: Dependent on hypervisor status
[    0.138601] MDS: Mitigation: Clear CPU buffers
[    0.141417] Freeing SMP alternatives memory: 36K
[    0.146939] ftrace: allocating 32380 entries in 127 pages
[    0.192839] smpboot: APIC(0) Converting physical 0 to logical package 0
[    0.193912] smpboot: Max logical packages: 1
[    0.194875] x2apic enabled
[    0.195594] Switched APIC routing to physical x2apic.
[    0.197312] ..TIMER: vector=0x30 apic1=0 pin1=2 apic2=-1 pin2=-1
[    0.306346] smpboot: CPU0: Intel(R) Core(TM) i5-4670 CPU @ 3.40GHz (family: 0x6, model: 0x3c, stepping: 0x3)
[    0.308189] Performance Events: unsupported p6 CPU model 60 no PMU driver, software events only.
[    0.318530] KVM setup paravirtual spinlock
[    0.320001] x86: Booting SMP configuration:
[    0.320686] .... node  #0, CPUs:      #1
[    0.321479] kvm-clock: cpu 1, msr 0:1ffe3041, secondary cpu clock
[    0.327854] mce: CPU supports 0 MCE banks
[    0.330324] x86: Booted up 1 node, 2 CPUs
[    0.331295] smpboot: Total of 2 processors activated (13596.04 BogoMIPS)
[    0.334378] devtmpfs: initialized
[    0.336413] evm: security.selinux
[    0.336979] evm: security.SMACK64
[    0.337730] evm: security.SMACK64EXEC
[    0.338427] evm: security.SMACK64TRANSMUTE
[    0.339101] evm: security.SMACK64MMAP
[    0.339743] evm: security.ima
[    0.340299] evm: security.capability
[    0.341025] clocksource: jiffies: mask: 0xffffffff max_cycles: 0xffffffff, max_idle_ns: 7645041785100000 ns
[    0.342553] futex hash table entries: 512 (order: 3, 32768 bytes)
[    0.343523] pinctrl core: initialized pinctrl subsystem
[    0.344387] RTC time: 11:09:14, date: 08/03/22
[    0.345315] NET: Registered protocol family 16
[    0.354405] cpuidle: using governor ladder
[    0.366592] cpuidle: using governor menu
[    0.367391] PCCT header not found.
[    0.368144] ACPI: bus type PCI registered
[    0.368867] acpiphp: ACPI Hot Plug PCI Controller Driver version: 0.5
[    0.369886] PCI: Using configuration type 1 for base access
[    0.386015] ACPI: Added _OSI(Module Device)
[    0.386795] ACPI: Added _OSI(Processor Device)
[    0.387547] ACPI: Added _OSI(3.0 _SCP Extensions)
[    0.388349] ACPI: Added _OSI(Processor Aggregator Device)
[    0.389723] ACPI: Executed 1 blocks of module-level executable AML code
[    0.392371] ACPI: Interpreter enabled
[    0.393114] ACPI: (supports S0 S5)
[    0.393737] ACPI: Using IOAPIC for interrupt routing
[    0.394677] PCI: Using host bridge windows from ACPI; if necessary, use "pci=nocrs" and report a bug
[    0.398595] ACPI: PCI Root Bridge [PCI0] (domain 0000 [bus 00-ff])
[    0.399581] acpi PNP0A03:00: _OSC: OS supports [ASPM ClockPM Segments MSI]
[    0.400862] acpi PNP0A03:00: _OSC: not requesting OS control; OS requires [ExtendedConfig ASPM ClockPM MSI]
[    0.402338] acpi PNP0A03:00: fail to add MMCONFIG information, can't access extended PCI configuration space under this bridge.
[    0.404309] PCI host bridge to bus 0000:00
[    0.405048] pci_bus 0000:00: root bus resource [io  0x0000-0x0cf7 window]
[    0.406045] pci_bus 0000:00: root bus resource [io  0x0d00-0xffff window]
[    0.407107] pci_bus 0000:00: root bus resource [mem 0x000a0000-0x000bffff window]
[    0.408373] pci_bus 0000:00: root bus resource [mem 0x20000000-0xfdffffff window]
[    0.409612] pci_bus 0000:00: root bus resource [bus 00-ff]
[    0.411784] pci 0000:00:01.1: legacy IDE quirk: reg 0x10: [io  0x01f0-0x01f7]
[    0.412869] pci 0000:00:01.1: legacy IDE quirk: reg 0x14: [io  0x03f6]
[    0.413794] pci 0000:00:01.1: legacy IDE quirk: reg 0x18: [io  0x0170-0x0177]
[    0.422006] pci 0000:00:01.1: legacy IDE quirk: reg 0x1c: [io  0x0376]
[    0.430616] pci 0000:00:07.0: quirk: [io  0x4000-0x403f] claimed by PIIX4 ACPI
[    0.431863] pci 0000:00:07.0: quirk: [io  0x4100-0x410f] claimed by PIIX4 SMB
[    0.438964] ACPI: PCI Interrupt Link [LNKA] (IRQs 5 9 10 *11)
[    0.440434] ACPI: PCI Interrupt Link [LNKB] (IRQs 5 9 *10 11)
[    0.441607] ACPI: PCI Interrupt Link [LNKC] (IRQs 5 *9 10 11)
[    0.442847] ACPI: PCI Interrupt Link [LNKD] (IRQs 5 9 10 *11)
[    0.444269] ACPI: Enabled 2 GPEs in block 00 to 07
[    0.445319] vgaarb: setting as boot device: PCI:0000:00:02.0
[    0.446173] vgaarb: device added: PCI:0000:00:02.0,decodes=io+mem,owns=io+mem,locks=none
[    0.447491] vgaarb: loaded
[    0.448037] vgaarb: bridge control possible 0000:00:02.0
[    0.449026] SCSI subsystem initialized
[    0.449801] ACPI: bus type USB registered
[    0.450580] usbcore: registered new interface driver usbfs
[    0.451503] usbcore: registered new interface driver hub
[    0.452304] usbcore: registered new device driver usb
[    0.453377] PCI: Using ACPI for IRQ routing
[    0.454336] NetLabel: Initializing
[    0.455017] NetLabel:  domain hash size = 128
[    0.455701] NetLabel:  protocols = UNLABELED CIPSOv4
[    0.456520] NetLabel:  unlabeled traffic allowed by default
[    0.457524] amd_nb: Cannot enumerate AMD northbridges
[    0.458399] clocksource: Switched to clocksource kvm-clock
[    0.464954] AppArmor: AppArmor Filesystem Enabled
[    0.465892] pnp: PnP ACPI init
[    0.467061] pnp: PnP ACPI: found 3 devices
[    0.475002] clocksource: acpi_pm: mask: 0xffffff max_cycles: 0xffffff, max_idle_ns: 2085701024 ns
[    0.476477] NET: Registered protocol family 2
[    0.477345] TCP established hash table entries: 4096 (order: 3, 32768 bytes)
[    0.478528] TCP bind hash table entries: 4096 (order: 4, 65536 bytes)
[    0.479530] TCP: Hash tables configured (established 4096 bind 4096)
[    0.480449] UDP hash table entries: 256 (order: 1, 8192 bytes)
[    0.481369] UDP-Lite hash table entries: 256 (order: 1, 8192 bytes)
[    0.482312] NET: Registered protocol family 1
[    0.483067] pci 0000:00:00.0: Limiting direct PCI/PCI transfers
[    0.483949] pci 0000:00:01.0: Activating ISA DMA hang workarounds
[    0.485645] Unpacking initramfs...
[    0.643891] Freeing initrd memory: 14888K
[    0.644840] RAPL PMU detected, API unit is 2^-32 Joules, 4 fixed counters 10737418240 ms ovfl timer
[    0.646257] hw unit of domain pp0-core 2^-0 Joules
[    0.647025] hw unit of domain package 2^-0 Joules
[    0.647762] hw unit of domain dram 2^-0 Joules
[    0.648479] hw unit of domain pp1-gpu 2^-0 Joules
[    0.649258] clocksource: tsc: mask: 0xffffffffffffffff max_cycles: 0x30fea8e4a2c, max_idle_ns: 440795220205 ns
[    0.650825] platform rtc_cmos: registered platform RTC device (no PNP device found)
[    0.652135] Scanning for low memory corruption every 60 seconds
[    0.653347] audit: initializing netlink subsys (disabled)
[    0.654204] audit: type=2000 audit(1659524959.566:1): initialized
[    0.655434] Initialise system trusted keyring
[    0.656286] HugeTLB registered 2 MB page size, pre-allocated 0 pages
[    0.658302] zbud: loaded
[    0.659167] VFS: Disk quotas dquot_6.6.0
[    0.659956] VFS: Dquot-cache hash table entries: 512 (order 0, 4096 bytes)
[    0.661166] squashfs: version 4.0 (2009/01/31) Phillip Lougher
[    0.662295] fuse init (API version 7.23)
[    0.663193] Key type big_key registered
[    0.663909] Allocating IMA MOK and blacklist keyrings.
[    0.665447] Key type asymmetric registered
[    0.666127] Asymmetric key parser 'x509' registered
[    0.666993] Block layer SCSI generic (bsg) driver version 0.4 loaded (major 249)
[    0.668288] io scheduler noop registered
[    0.668961] io scheduler deadline registered (default)
[    0.669815] io scheduler cfq registered
[    0.670534] pci_hotplug: PCI Hot Plug PCI Core version: 0.5
[    0.671404] pciehp: PCI Express Hot Plug Controller Driver version: 0.4
[    0.672578] ACPI: AC Adapter [AC] (on-line)
[    0.673359] input: Power Button as /devices/LNXSYSTM:00/LNXPWRBN:00/input/input0
[    0.674639] ACPI: Power Button [PWRF]
[    0.675435] input: Sleep Button as /devices/LNXSYSTM:00/LNXSLPBN:00/input/input1
[    0.676654] ACPI: Sleep Button [SLPF]
[    0.677421] GHES: HEST is not enabled!
[    0.678184] Serial: 8250/16550 driver, 32 ports, IRQ sharing enabled
[    0.699533] 00:02: ttyS0 at I/O 0x3f8 (irq = 4, base_baud = 115200) is a 16550A
[    0.702490] Linux agpgart interface v0.103
[    0.704650] loop: module loaded
[    0.705713] scsi host0: ata_piix
[    0.706504] scsi host1: ata_piix
[    0.707221] ata1: PATA max UDMA/33 cmd 0x1f0 ctl 0x3f6 bmdma 0xd000 irq 14
[    0.708259] ata2: PATA max UDMA/33 cmd 0x170 ctl 0x376 bmdma 0xd008 irq 15
[    0.709572] libphy: Fixed MDIO Bus: probed
[    0.710294] tun: Universal TUN/TAP device driver, 1.6
[    0.711098] tun: (C) 1999-2004 Max Krasnyansky <maxk@qualcomm.com>
[    0.712174] PPP generic driver version 2.4.2
[    0.713002] ehci_hcd: USB 2.0 'Enhanced' Host Controller (EHCI) Driver
[    0.714001] ehci-pci: EHCI PCI platform driver
[    0.714763] ehci-platform: EHCI generic platform driver
[    0.715557] ohci_hcd: USB 1.1 'Open' Host Controller (OHCI) Driver
[    0.717360] ohci-pci: OHCI PCI platform driver
[    0.718846] ohci-platform: OHCI generic platform driver
[    0.719964] uhci_hcd: USB Universal Host Controller Interface driver
[    0.720972] i8042: PNP: PS/2 Controller [PNP0303:PS2K,PNP0f03:PS2M] at 0x60,0x64 irq 1,12
[    0.722722] serio: i8042 KBD port at 0x60,0x64 irq 1
[    0.723523] serio: i8042 AUX port at 0x60,0x64 irq 12
[    0.724419] mousedev: PS/2 mouse device common for all mice
[    0.725523] input: AT Translated Set 2 keyboard as /devices/platform/i8042/serio0/input/input2
[    0.727255] rtc_cmos rtc_cmos: rtc core: registered rtc_cmos as rtc0
[    0.728200] rtc_cmos rtc_cmos: alarms up to one day, 114 bytes nvram
[    0.729234] i2c /dev entries driver
[    0.729927] device-mapper: uevent: version 1.0.3
[    0.730747] device-mapper: ioctl: 4.34.0-ioctl (2015-10-28) initialised: dm-devel@redhat.com
[    0.732082] ledtrig-cpu: registered to indicate activity on CPUs
[    0.733311] NET: Registered protocol family 10
[    0.734240] NET: Registered protocol family 17
[    0.734991] Key type dns_resolver registered
[    0.736087] registered taskstats version 1
[    0.736777] Loading compiled-in X.509 certificates
[    0.738015] Loaded X.509 cert 'Build time autogenerated kernel key: cf00e047681d67edb2720680708b7d9498083038'
[    0.739627] zswap: loaded using pool lzo/zbud
[    0.741913] Key type trusted registered
[    0.745497] Key type encrypted registered
[    0.746237] AppArmor: AppArmor sha1 policy hashing enabled
[    0.747081] ima: No TPM chip found, activating TPM-bypass!
[    0.747899] ima: Allocated hash algorithm: sha1
[    0.748705] evm: HMAC attrs: 0x1
[    0.749904]   Magic number: 2:20:175
[    0.750519] misc network_throughput: hash matches
[    0.751331] rtc_cmos rtc_cmos: setting system clock to 2022-08-03 11:09:15 UTC (1659524955)
[    0.752769] BIOS EDD facility v0.16 2004-Jun-25, 0 devices found
[    0.753668] EDD information not available.
[    0.885525] Freeing unused kernel memory: 1492K
[    0.886400] Write protecting the kernel read-only data: 14336k
[    0.887684] Freeing unused kernel memory: 1584K
[    0.888685] Freeing unused kernel memory: 52K
Loading, please wait...
starting version 229
[    0.899365] random: systemd-udevd: uninitialized urandom read (16 bytes read, 2 bits of entropy available)
[    0.899998] random: udevadm: uninitialized urandom read (16 bytes read, 2 bits of entropy available)
[    0.900019] random: udevadm: uninitialized urandom read (16 bytes read, 2 bits of entropy available)
[    0.904772] random: systemd-udevd: uninitialized urandom read (16 bytes read, 2 bits of entropy available)
[    0.906289] random: systemd-udevd: uninitialized urandom read (16 bytes read, 2 bits of entropy available)
[    0.907633] random: udevadm: uninitialized urandom read (16 bytes read, 2 bits of entropy available)
[    0.907670] random: udevadm: uninitialized urandom read (16 bytes read, 2 bits of entropy available)
[    0.907785] random: udevadm: uninitialized urandom read (16 bytes read, 2 bits of entropy available)
[    0.907839] random: udevadm: uninitialized urandom read (16 bytes read, 2 bits of entropy available)
[    0.907895] random: udevadm: uninitialized urandom read (16 bytes read, 2 bits of entropy available)
[    0.949609] Fusion MPT base driver 3.04.20
[    0.950655] Copyright (c) 1999-2008 LSI Corporation
[    0.954205] e1000: Intel(R) PRO/1000 Network Driver - version 7.3.21-k8-NAPI
[    0.955404] e1000: Copyright (c) 1999-2006 Intel Corporation.
[    0.963212] Fusion MPT SPI Host driver 3.04.20
[    0.965632] AVX2 version of gcm_enc/dec engaged.
[    0.966429] AES CTR mode by8 optimization enabled
[    1.179408] input: ImExPS/2 Generic Explorer Mouse as /devices/platform/i8042/serio1/input/input4
[    1.642142] e1000 0000:00:03.0 eth0: (PCI:33MHz:32-bit) 02:be:82:6b:cc:1d
[    1.643341] e1000 0000:00:03.0 eth0: Intel(R) PRO/1000 Network Connection
[    2.723618] e1000 0000:00:08.0 eth1: (PCI:33MHz:32-bit) 08:00:27:cb:a9:57
[    2.724877] e1000 0000:00:08.0 eth1: Intel(R) PRO/1000 Network Connection
[    2.727489] e1000 0000:00:03.0 enp0s3: renamed from eth0
[    2.729325] mptbase: ioc0: Initiating bringup
[    2.746574] e1000 0000:00:08.0 enp0s8: renamed from eth1
[    2.794585] ioc0: LSI53C1030 A0: Capabilities={Initiator}
[    2.955595] scsi host2: ioc0: LSI53C1030 A0, FwRev=00000000h, Ports=1, MaxQ=256, IRQ=20
[    3.073991] scsi 2:0:0:0: Direct-Access     VBOX     HARDDISK         1.0  PQ: 0 ANSI: 5
[    3.082754] scsi target2:0:0: Beginning Domain Validation
[    3.084426] scsi target2:0:0: Domain Validation skipping write tests
[    3.085397] scsi target2:0:0: Ending Domain Validation
[    3.086321] scsi target2:0:0: asynchronous
[    3.089302] scsi 2:0:1:0: Direct-Access     VBOX     HARDDISK         1.0  PQ: 0 ANSI: 5
[    3.092695] scsi target2:0:1: Beginning Domain Validation
[    3.094336] scsi target2:0:1: Domain Validation skipping write tests
[    3.095400] scsi target2:0:1: Ending Domain Validation
[    3.096260] scsi target2:0:1: asynchronous
[    3.100167] sd 2:0:0:0: [sda] 83886080 512-byte logical blocks: (42.9 GB/40.0 GiB)
[    3.100382] sd 2:0:0:0: Attached scsi generic sg0 type 0
[    3.102679] sd 2:0:1:0: Attached scsi generic sg1 type 0
[    3.103782] sd 2:0:1:0: [sdb] 20480 512-byte logical blocks: (10.5 MB/10.0 MiB)
[    3.105017] sd 2:0:0:0: [sda] Write Protect is off
[    3.105956] sd 2:0:0:0: [sda] Incomplete mode parameter data
[    3.106899] sd 2:0:0:0: [sda] Assuming drive cache: write through
[    3.107840] sd 2:0:1:0: [sdb] Write Protect is off
[    3.108788] sd 2:0:1:0: [sdb] Incomplete mode parameter data
[    3.109718] sd 2:0:1:0: [sdb] Assuming drive cache: write through
[    3.111567]  sda: sda1
[    3.113088] sd 2:0:0:0: [sda] Attached SCSI disk
[    3.114293] sd 2:0:1:0: [sdb] Attached SCSI disk
Begin: Loading essential drivers ... [    4.374092] md: linear personality registered for level -1
[    4.376854] md: multipath personality registered for level -4
[    4.379472] md: raid0 personality registered for level 0
[    4.382889] md: raid1 personality registered for level 1
[    4.471150] raid6: sse2x1   gen() 12602 MB/s
[    4.543093] raid6: sse2x1   xor()  9689 MB/s
[    4.610783] raid6: sse2x2   gen() 15004 MB/s
[    4.691873] raid6: sse2x2   xor() 12024 MB/s
[    4.762602] raid6: sse2x4   gen() 18396 MB/s
[    4.834555] raid6: sse2x4   xor() 12507 MB/s
[    4.914977] raid6: avx2x1   gen() 27278 MB/s
[    4.994510] raid6: avx2x2   gen() 31969 MB/s
[    5.071180] raid6: avx2x4   gen() 34878 MB/s
[    5.072002] raid6: using algorithm avx2x4 gen() 34878 MB/s
[    5.072811] raid6: using avx2x2 recovery algorithm
[    5.074760] xor: automatically using best checksumming function:
[    5.114432]    avx       : 31265.000 MB/sec
[    5.116295] async_tx: api initialized (async)
[    5.123713] md: raid6 personality registered for level 6
[    5.124640] md: raid5 personality registered for level 5
[    5.125468] md: raid4 personality registered for level 4
[    5.132145] md: raid10 personality registered for level 10
done.
Begin: Running /scripts/init-premount ... done.
Begin: Mounting root file system ... Begin: Running /scripts/local-top ... done.
Begin: Running /scripts/local-premount ... [    5.157228] Btrfs loaded
Scanning for Btrfs filesystems
done.
Warning: fsck not present, so skipping root file system
[    5.179843] EXT4-fs (sda1): mounted filesystem with ordered data mode. Opts: (null)
done.
Begin: Running /scripts/local-bottom ... done.
Begin: Running /scripts/init-bottom ... done.
[    5.272097] systemd[1]: systemd 229 running in system mode. (+PAM +AUDIT +SELINUX +IMA +APPARMOR +SMACK +SYSVINIT +UTMP +LIBCRYPTSETUP +GCRYPT +GNUTLS +ACL +XZ -LZ4 +SECCOMP +BLKID +ELFUTILS +KMOD -IDN)
[    5.274704] systemd[1]: Detected virtualization oracle.
[    5.275574] systemd[1]: Detected architecture x86-64.

Welcome to [1mUbuntu 16.04.7 LTS[0m!

[    5.286935] systemd[1]: Set hostname to <ubuntu>.
[    5.289472] systemd[1]: Initializing machine ID from random generator.
[    5.290632] systemd[1]: Installed transient /etc/machine-id file.
[    5.423834] systemd[1]: Started Forward Password Requests to Wall Directory Watch.
[[0;32m  OK  [0m] Started Forward Password Requests to Wall Directory Watch.
[    5.426030] systemd[1]: Listening on Syslog Socket.
[[0;32m  OK  [0m] Listening on Syslog Socket.
[    5.427308] systemd[1]: Reached target Swap.
[[0;32m  OK  [0m] Reached target Swap.
[    5.428398] systemd[1]: Listening on udev Kernel Socket.
[[0;32m  OK  [0m] Listening on udev Kernel Socket.
[    5.429690] systemd[1]: Listening on LVM2 metadata daemon socket.
[[0;32m  OK  [0m] Listening on LVM2 metadata daemon socket.
[    5.441803] systemd[1]: Set up automount Arbitrary Executable File Formats File System Automount Point.
[[0;32m  OK  [0m] Set up automount Arbitrary Executab...ats File System Automount Point.
[    5.444198] systemd[1]: Listening on Journal Socket (/dev/log).
[[0;32m  OK  [0m] Listening on Journal Socket (/dev/log).
[    5.445685] systemd[1]: Reached target Encrypted Volumes.
[[0;32m  OK  [0m] Reached target Encrypted Volumes.
[    5.447018] systemd[1]: Listening on /dev/initctl Compatibility Named Pipe.
[[0;32m  OK  [0m] Listening on /dev/initctl Compatibility Named Pipe.
[    5.448827] systemd[1]: Listening on Journal Socket.
[[0;32m  OK  [0m] Listening on Journal Socket.
[    5.450166] systemd[1]: Listening on Journal Audit Socket.
[[0;32m  OK  [0m] Listening on Journal Audit Socket.
[    5.451638] systemd[1]: Reached target User and Group Name Lookups.
[[0;32m  OK  [0m] Reached target User and Group Name Lookups.
[    5.453206] systemd[1]: Started Trigger resolvconf update for networkd DNS.
[[0;32m  OK  [0m] Started Trigger resolvconf update for networkd DNS.
[    5.455057] systemd[1]: Listening on udev Control Socket.
[[0;32m  OK  [0m] Listening on udev Control Socket.
[    5.456619] systemd[1]: Listening on fsck to fsckd communication Socket.
[[0;32m  OK  [0m] Listening on fsck to fsckd communication Socket.
[    5.458509] systemd[1]: Created slice System Slice.
[[0;32m  OK  [0m] Created slice System Slice.
[    5.478574] systemd[1]: Starting Journal Service...
         Starting Journal Service...
[    5.480651] systemd[1]: Mounting POSIX Message Queue File System...
         Mounting POSIX Message Queue File System...
[    5.482938] systemd[1]: Starting Uncomplicated firewall...
         Starting Uncomplicated firewall...
[    5.485136] systemd[1]: Starting Create list of required static device nodes for the current kernel...
         Starting Create list of required st... nodes for the current kernel...
[    5.495529] systemd[1]: Created slice system-serial\x2dgetty.slice.
[[0;32m  OK  [0m] Created slice system-serial\x2dgetty.slice.
[    5.497753] systemd[1]: Mounting Debug File System...
         Mounting Debug File System...
[    5.500587] systemd[1]: Starting Load Kernel Modules...
         Starting Load Kernel Modules...
[    5.502631] systemd[1]: Mounting Huge Pages File System...
         Mounting Huge Pages File System...
[    5.505428] systemd[1]: Starting Nameserver information manager...
         Starting Nameserver information manager...
[    5.507990] systemd[1]: Starting File System Check on Root Device...
         Starting File System Check on Root Device...
[    5.510949] systemd[1]: Starting Set console keymap...
         Starting Set console keymap...
[    5.512477] systemd[1]: Created slice User and Session Slice.
[    5.513559] Loading iSCSI transport class v2.0-870.
[[0;32m  OK  [0m] Created slice User and Session Slice.
[    5.514823] systemd[1]: Reached target Slices.
[[0;32m  OK  [0m] Reached target Slices.
[    5.516991] systemd[1]: Listening on Device-mapper event daemon FIFOs.
[[0;32m  OK  [0m] Listening on Device-mapper event daemon FIFOs.
[    5.523095] systemd[1]: Starting Monitoring of LVM2 mirrors, snapshots etc. using dmeventd or progress polling...
         Starting Monitoring of LVM2 mirrors... dmeventd or progress polling...
[    5.525967] systemd[1]: Listening on LVM2 poll daemon socket.
[[0;32m  OK  [0m] Listening on LVM2 poll daemon socket.
[    5.527906] systemd[1]: Reached target System Time Synchronized.
[[0;32m  OK  [0m] Reached target System Time Synchronized.
[    5.531329] systemd[1]: Mounted Huge Pages File System.
[[0;32m  OK  [0m] Mounted Huge Pages File System.
[    5.532935] systemd[1]: Mounted POSIX Message Queue File System.
[[0;32m  OK  [0m] Mounted POSIX Message Queue File System.
[    5.536719] iscsi: registered transport (tcp)
[    5.542669] systemd[1]: Mounted Debug File System.
[[0;32m  OK  [0m] Mounted Debug File System.
[    5.551480] systemd[1]: Started Journal Service.
[[0;32m  OK  [0m] Started Journal Service.
[[0;32m  OK  [0m] Started Uncomplicated firewall.
[[0;32m  OK  [0m] Started Create list of required sta...ce nodes for the current kernel.
[    5.562332] iscsi: registered transport (iser)
[[0;32m  OK  [0m] Started Load Kernel Modules.
[[0;32m  OK  [0m] Started File System Check on Root Device.
[[0;32m  OK  [0m] Started Set console keymap.
[[0;32m  OK  [0m] Started Nameserver information manager.
[[0;32m  OK  [0m] Started LVM2 metadata daemon.
[[0;32m  OK  [0m] Started File System Check Daemon to report status.
         Starting Remount Root and Kernel File Systems...
         Starting Apply Kernel Variables...
[    5.589886] EXT4-fs (sda1): re-mounted. Opts: (null)
         Mounting FUSE Control File System...
         Starting Create Static Device Nodes in /dev...
[[0;32m  OK  [0m] Mounted FUSE Control File System.
[[0;32m  OK  [0m] Started Remount Root and Kernel File Systems.
[[0;32m  OK  [0m] Started Apply Kernel Variables.
         Starting udev Coldplug all Devices...
         Starting Flush Journal to Persistent Storage...
         Starting Load/Save Random Seed...
[[0;32m  OK  [0m] Started Create Static Device Nodes in /dev.
[[0;32m  OK  [0m] Started Load/Save Random Seed.
         Starting udev Kernel Device Manager...
[[0;32m  OK  [0m] Started udev Coldplug all Devices.
[[0;32m  OK  [0m] Started Flush Journal to Persistent Storage.
[[0;32m  OK  [0m] Started udev Kernel Device Manager.
[[0;32m  OK  [0m] Started Dispatch Password Requests to Console Directory Watch.
[[0;32m  OK  [0m] Started Monitoring of LVM2 mirrors,...ng dmeventd or progress polling.
[[0;32m  OK  [0m] Reached target Local File Systems (Pre).
[[0;32m  OK  [0m] Reached target Local File Systems.
         Starting Set console font and keymap...
         Starting Commit a transient machine-id on disk...
         Starting Tell Plymouth To Write Out Runtime Data...
         Starting Initial cloud-init job (pre-networking)...
         Starting Create Volatile Files and Directories...
         Starting LSB: AppArmor initialization...
[[0;32m  OK  [0m] Started Tell Plymouth To Write Out Runtime Data.
[[0;32m  OK  [0m] Started Create Volatile Files and Directories.
         Starting Update UTMP about System Boot/Shutdown...
[[0;32m  OK  [0m] Started Update UTMP about System Boot/Shutdown.
[[0;32m  OK  [0m] Started Commit a transient machine-id on disk.
[[0;32m  OK  [0m] Found device /dev/ttyS0.
[[0;32m  OK  [0m] Listening on Load/Save RF Kill Switch Status /dev/rfkill Watch.
[[0;32m  OK  [0m] Started Set console font and keymap.
[[0;32m  OK  [0m] Created slice system-getty.slice.
[    6.598366] [cloud-init[0;32m  OK  [0m[510]: ] Cloud-init v. 21.1-19-gbad84ad4-0ubuntu1~16.04.2 running 'init-local' at Wed, 03 Aug 2022 11:09:21 +0000. Up 6.23 seconds.Started LSB: AppArmor initialization.

         Starting Load AppArmor profiles managed internally by snapd...
[[0;32m  OK  [0m] Started Initial cloud-init job (pre-networking).
[[0;32m  OK  [0m] Started Load AppArmor profiles managed internally by snapd.
[[0;32m  OK  [0m] Reached target Network (Pre).
         Starting Raise network interfaces...
[[0;32m  OK  [0m] Started Raise network interfaces.
[[0;32m  OK  [0m] Reached target Network.
         Starting Initial cloud-init job (metadata service crawler)...
[    7.506880] cloud-init[958]: Cloud-init v. 21.1-19-gbad84ad4-0ubuntu1~16.04.2 running 'init' at Wed, 03 Aug 2022 11:09:21 +0000. Up 7.05 seconds.
[    7.508118] cloud-init[958]: ci-info: ++++++++++++++++++++++++++++++++++++++Net device info+++++++++++++++++++++++++++++++++++++++
[    7.509354] cloud-init[958]: ci-info: +--------+-------+----------------------------+---------------+--------+-------------------+
[    7.510461] cloud-init[958]: ci-info: | Device |   Up  |          Address           |      Mask     | Scope  |     Hw-Address    |
[    7.511649] cloud-init[958]: ci-info: +--------+-------+----------------------------+---------------+--------+-------------------+
[    7.512723] cloud-init[958]: ci-info: | enp0s3 |  True |         10.0.2.15          | 255.255.255.0 | global | 02:be:82:6b:cc:1d |
[    7.513769] cloud-init[958]: ci-info: | enp0s3 |  True | fe80::be:82ff:fe6b:cc1d/64 |       .       |  link  | 02:be:82:6b:cc:1d |
[    7.514894] cloud-init[958]: ci-info: | enp0s8 | False |             .              |       .       |   .    | 08:00:27:cb:a9:57 |
[    7.516129] cloud-init[958]: ci-info: |   lo   |  True |         127.0.0.1          |   255.0.0.0   |  host  |         .         |
[    7.517283] cloud-init[958]: ci-info: |   lo   |  True |          ::1/128           |       .       |  host  |         .         |
[    7.518450] cloud-init[958]: ci-info: +--------+-------+----------------------------+---------------+--------+-------------------+
[    7.524421] cloud-init[958]: ci-info: +++++++++++++++++++++++++++Route IPv4 info++++++++++++++++++++++++++++
[    7.525346] cloud-init[958]: ci-info: +-------+-------------+----------+---------------+-----------+-------+
[    7.526352] cloud-init[958]: ci-info: | Route | Destination | Gateway  |    Genmask    | Interface | Flags |
[    7.537973] cloud-init[958]: ci-info: +-------+-------------+----------+---------------+-----------+-------+
[    7.554972] cloud-init[958]: ci-info: |   0   |   0.0.0.0   | 10.0.2.2 |    0.0.0.0    |   enp0s3  |   UG  |
[    7.555924] cloud-init[958]: ci-info: |   1   |   10.0.2.0  | 0.0.0.0  | 255.255.255.0 |   enp0s3  |   U   |
[[0;32m  OK  [0m] Started Initial cloud-init job (metadata service crawler).
[    7.556186] cloud-init[958]: ci-info: +-------+-------------+----------+---------------+-----------+-------+
[    7.564158] cloud-init[958]: ci-info: +++++++++++++++++++Route IPv6 info+++++++++++++++++++
[[0;32m  OK  [0m] Reached target Cloud-config availability.
[[0;32m  OK  [0m] Reached target Network is Online.
[    7.567148] cloud-init[958]: ci-info: +-------+-------------+---------+-----------+-------+
[    7.568147] cloud-init[958]: ci-info: | Route | Destination | Gateway | Interface | Flags |
[    7.569065] cloud-init[958]: ci-info: +-------+-------------+---------+-----------+-------+
[    7.570029] cloud-init[958]: ci-info: |   0   |  fe80::/64  |    ::   |   enp0s3  |   U   |
         Starting iSCSI initiator daemon (iscsid)...
[[0;32m  OK  [0m] Reached target System Initialization.
[[0;32m  OK  [0m] Started ACPI Events Check.
[[0;32m  OK  [0m] Reached target Paths.
[[0;32m  OK  [0m] [    7.577841] Started Daily Cleanup of Temporary Directories.cloud-init
[958]: ci-info: |   3   |   ff00::/8  |    ::   |   enp0s3  |   U   |
[    7.579340] cloud-init[958]: ci-info: +-------+-------------+---------+-----------+-------+
[    7.579550] cloud-init[958]: Generating public/private rsa key pair.
[    7.579630] cloud-init[958]: Your identification has been saved in /etc/ssh/ssh_host_rsa_key.
[    7.579698] cloud-init[958]: Your public key has been saved in /etc/ssh/ssh_host_rsa_key.pub.
[    7.579870] cloud-init[958]: The key fingerprint is:
[    7.580256] cloud-init[958]: SHA256:wjDUJLjZ1weMOkHJ3jj+hm8W3Rol7nBRr9Iv5AvJwww root@ubuntu-xenial
[    7.580339] cloud-init[958]: The key's randomart image is:
[    7.580446] cloud-init[958]: +---[RSA 2048]----+
[    7.580513] cloud-init[958]: |   +++.o         |
[    7.580600] cloud-init[958]: |  ..+.o o .      |
[    7.580669] cloud-init[958]: |   =o= . o .     |
[    7.580738] cloud-init[958]: |  o B+o + o .    |
[    7.580978] cloud-init[958]: |   . +EoSB .     |
[    7.581043] cloud-init[958]: |    . o**.=      |
[    7.581315] cloud-init[958]: |     o =B* .     |
[    7.581417] cloud-init[958]: |    . = ooo .    |
[    7.581549] cloud-init[958]: |     =.   .o     |
[    7.581625] cloud-init[958]: +----[SHA256]-----+
[    7.581700] cloud-init[958]: Generating public/private dsa key pair.
[    7.581940] cloud-init[958]: Your identification has been saved in /etc/ssh/ssh_host_dsa_key.
[    7.582162] cloud-init[958]: Your public key has been saved in /etc/ssh/ssh_host_dsa_key.pub.
[    7.582325] cloud-init[958]: The key fingerprint is:
[    7.582397] cloud-init[958]: SHA256:RgAdEsZuZ9vemiTjkoYwN45xf2R1RomYGrAW7wVAwow root@ubuntu-xenial
[    7.582550] cloud-init[958]: The key's randomart image is:
[    7.582617] cloud-init[958]: +---[DSA 1024]----+
[    7.582695] cloud-init[958]: |=.=+*+o+ . .     |
[    7.582759] cloud-init[958]: |E+ =oo+.. o      |
[    7.582906] cloud-init[958]: |  o..o. ..       |
[    7.583169] cloud-init[958]: | . .+.o.. o      |
[    7.583198] cloud-init[958]: |   ..o +So       |
[    7.583482] cloud-init[958]: |+ +   +..        |
[    7.583571] cloud-init[958]: | O + +o...       |
[    7.583853] cloud-init[958]: |. o =..+...      |
[    7.583991] cloud-init[958]: |   . o. o.       |
[    7.584609] cloud-init[958]: +----[SHA256]-----+
[    7.584808] cloud-init[958]: Generating public/private ecdsa key pair.
[    7.585279] cloud-init[958]: Your identification has been saved in /etc/ssh/ssh_host_ecdsa_key.
[    7.585507] cloud-init[958]: Your public key has been saved in /etc/ssh/ssh_host_ecdsa_key.pub.
[    7.585586] cloud-init[958]: The key fingerprint is:
[    7.585875] cloud-init[958]: SHA256:RNgHAz0ujHTI+uyNbSB+UnQyXNhNtIWwln0Oa9Xoyj4 root@ubuntu-xenial
[    7.585952] cloud-init[958]: The key's randomart image is:
[    7.586235] cloud-init[958]: +---[ECDSA 256]---+
[    7.586338] cloud-init[958]: |   . +oX*o.      |
[    7.586421] cloud-init[958]: |    = ==*+.o     |
[    7.586573] cloud-init[958]: |   + =+.=o+ .    |
[    7.586815] cloud-init[958]: |  . *.+..B       |
[    7.587003] cloud-init[958]: |   + + .S o      |
[    7.587115] cloud-init[958]: |  . =  o .       |
[    7.587317] cloud-init[958]: | . + =  o        |
[    7.587542] cloud-init[958]: |  o + +.E        |
[    7.587730] cloud-init[958]: |   o .  ..       |
[    7.587791] cloud-init[958]: +----[SHA256]-----+
[    7.588192] cloud-init[958]: Generating public/private ed25519 key pair.
[    7.588280] cloud-init[958]: Your identification has been saved in /etc/ssh/ssh_host_ed25519_key.
[    7.588350] cloud-init[958]: Your public key has been saved in /etc/ssh/ssh_host_ed25519_key.pub.
[    7.588419] cloud-init[958]: The key fingerprint is:
[    7.588623] cloud-init[958]: SHA256:cWqhFEgzpbUMCuLnTVpZqUzgsB3V2DMOEFqn+I+aoks root@ubuntu-xenial
[    7.588707] cloud-init[958]: The key's randomart image is:
[    7.588868] cloud-init[958]: +--[ED25519 256]--+
[    7.588979] cloud-init[958]: |o. BX=B..        |
[    7.589113] cloud-init[958]: |o.O.=@oO         |
[    7.589468] cloud-init[958]: | =.=++B = .      |
[    7.589727] cloud-init[958]: |  + =+ o =       |
[    7.589795] cloud-init[958]: |   + .. S        |
[    7.589873] cloud-init[958]: |    o  .         |
[    7.590006] cloud-init[958]: | E . .           |
[    7.590086] cloud-init[958]: |o o              |
[    7.590144] cloud-init[958]: |=+               |
[    7.590172] cloud-init[958]: +----[SHA256]-----+
[[0;32m  OK  [0m] Listening on D-Bus System Message Bus Socket.
[[0;32m  OK  [0m] Started Ubuntu Advantage update messaging.
[[0;32m  OK  [0m] Started Daily apt download activities.
[[0;32m  OK  [0m] Started Daily apt upgrade and clean activities.
         Starting Socket activation for snappy daemon.
[[0;32m  OK  [0m] Listening on UUID daemon activation socket.
[[0;32m  OK  [0m] Listening on ACPID Listen Socket.
         Starting LXD - unix socket.
[[0;32m  OK  [0m] Started Message of the Day.
[[0;32m  OK  [0m] Reached target Timers.
[[0;32m  OK  [0m] Listening on Socket activation for snappy daemon.
[[0;32m  OK  [0m] Listening on LXD - unix socket.
[[0;32m  OK  [0m] Reached target Sockets.
[[0;32m  OK  [0m] Reached target Basic System.
[[0;32m  OK  [0m] Started FUSE filesystem for LXC.
         Starting LSB: Record successful boot for GRUB...
[[0;32m  OK  [0m] Started Deferred execution scheduler.
         Starting Accounts Service...
[[0;32m  OK  [0m] Started ACPI event daemon.
         Starting Virtualbox guest utils...
         Starting Pollinate to seed the pseudo random number generator...
         Starting LSB: MD monitoring daemon...
[[0;32m  OK  [0m] Started D-Bus System Message Bus.
         Starting LXD - container startup/shutdown...
[[0;32m  OK  [0m] Started Regular background program processing daemon.
         Starting System Logging Service...
         Starting Login Service...
         Starting /etc/rc.local Compatibility...
         Starting Snap Daemon...
[[0;32m  OK  [0m] Started iSCSI initiator daemon (iscsid).
[[0;32m  OK  [0m] Started /etc/rc.local Compatibility.
         Starting Authenticate and Authorize Users to Run Privileged Tasks...
         Starting Login to default iSCSI targets...
[[0;32m  OK  [0m] Started Login Service.
[[0;32m  OK  [0m] Started Unattended Upgrades Shutdown.
[[0;32m  OK  [0m] Started LSB: Record successful boot for GRUB.
[[0;32m  OK  [0m] Started System Logging Service.
[[0;32m  OK  [0m] Started Login to default iSCSI targets.
[[0;32m  OK  [0m] Reached target Remote File Systems (Pre).
[[0;32m  OK  [0m] Reached target Remote File Systems.
         Starting LSB: Set the CPU Frequency Scaling governor to "ondemand"...
         Starting Permit User Sessions...
         Starting LSB: daemon to balance interrupts for SMP systems...
         Starting LSB: automatic crash report generation...
[[0;32m  OK  [0m] Started LSB: MD monitoring daemon.
[[0;32m  OK  [0m] Started Authenticate and Authorize Users to Run Privileged Tasks.
[[0;32m  OK  [0m] Started Permit User Sessions.
         Starting Terminate Plymouth Boot Screen...
         Starting Hold until boot process finishes up...
[[0;32m  OK  [0m] Started Hold until boot process finishes up.
[[0;32m  OK  [0m] Started Getty on tty1.
         Starting Set console scheme...
[[0;32m  OK  [0m] Started Serial Getty on ttyS0.
[[0;32m  OK  [0m] Reached target Login Prompts.
[[0;32m  OK  [0m] Started LSB: Set the CPU Frequency Scaling governor to "ondemand".
[[0;32m  OK  [0m] Started Terminate Plymouth Boot Screen.
[[0;32m  OK  [0m] Started Set console scheme.
[[0;32m  OK  [0m] Started Accounts Service.
[[0;32m  OK  [0m] Started LSB: automatic crash report generation.
[[0;32m  OK  [0m] Started LSB: daemon to balance interrupts for SMP systems.
[[0;32m  OK  [0m] Started Virtualbox guest utils.
[[0;32m  OK  [0m] Started LXD - container startup/shutdown.
[[0;32m  OK  [0m] Started Snap Daemon.
         Starting Wait until snapd is fully seeded...
[[0;32m  OK  [0m] Started Pollinate to seed the pseudo random number generator.
         Starting OpenBSD Secure Shell server...
[[0;32m  OK  [0m] Started OpenBSD Secure Shell server.
[[0;32m  OK  [0m] Started Wait until snapd is fully seeded.
         Starting Apply the settings specified in cloud-config...
[[0;32m  OK  [0m] Reached target Multi-User System.
[[0;32m  OK  [0m] Reached target Graphical Interface.
         Starting Update UTMP about System Runlevel Changes...
[[0;32m  OK  [0m] Started Update UTMP about System Runlevel Changes.
[    9.322916] cloud-init[1298]: Generating locales (this might take a while)...
[    9.904136] cloud-init[1298]:   en_US.UTF-8... done
[    9.904873] cloud-init[1298]: Generation complete.
[   10.177910] cloud-init[1298]: Cloud-init v. 21.1-19-gbad84ad4-0ubuntu1~16.04.2 running 'modules:config' at Wed, 03 Aug 2022 11:09:24 +0000. Up 9.25 seconds.
[[0;32m  OK  [0m] Started Apply the settings specified in cloud-config.
         Starting Execute cloud user/final scripts...
ci-info: no authorized SSH keys fingerprints found for user ubuntu.
<14>Aug  3 11:09:25 ec2: 
<14>Aug  3 11:09:25 ec2: #############################################################
<14>Aug  3 11:09:25 ec2: -----BEGIN SSH HOST KEY FINGERPRINTS-----
<14>Aug  3 11:09:25 ec2: 1024 SHA256:RgAdEsZuZ9vemiTjkoYwN45xf2R1RomYGrAW7wVAwow root@ubuntu-xenial (DSA)
<14>Aug  3 11:09:25 ec2: 256 SHA256:RNgHAz0ujHTI+uyNbSB+UnQyXNhNtIWwln0Oa9Xoyj4 root@ubuntu-xenial (ECDSA)
<14>Aug  3 11:09:25 ec2: 256 SHA256:cWqhFEgzpbUMCuLnTVpZqUzgsB3V2DMOEFqn+I+aoks root@ubuntu-xenial (ED25519)
<14>Aug  3 11:09:25 ec2: 2048 SHA256:wjDUJLjZ1weMOkHJ3jj+hm8W3Rol7nBRr9Iv5AvJwww root@ubuntu-xenial (RSA)
<14>Aug  3 11:09:25 ec2: -----END SSH HOST KEY FINGERPRINTS-----
<14>Aug  3 11:09:25 ec2: #############################################################
-----BEGIN SSH HOST KEY KEYS-----
ecdsa-sha2-nistp256 AAAAE2VjZHNhLXNoYTItbmlzdHAyNTYAAAAIbmlzdHAyNTYAAABBBIT1yWo7pTIbpJuPRaD6dpTBreGy2j3enaeAJn7YPWmhHTbjKLnYpUPvC5uFFmQ2Uzy/hAkxZL4t/IK0KrNCOwQ= root@ubuntu-xenial
ssh-ed25519 AAAAC3NzaC1lZDI1NTE5AAAAIKR4SHW7Ts0n/qPGAD7TtqB3S+FBlQHWel3Yx8x/dBpz root@ubuntu-xenial
ssh-rsa AAAAB3NzaC1yc2EAAAADAQABAAABAQCm7OqkcZHKhMocQVNR/1GyM/YAGibkyWKEzWTHK5MIPJo9dIIos3zHfu4KmYfYbOUSCwVeDk88upp+yTtjCjYT6yd5gHfnVEatTQ/FPvuZwPaG0itNvK4LlpYAa+cpRl7rvuxMNnPMOySdZvvZGPVvNd2hZOFyumvDcl/oNCrraSIgVnXzy23aRzWueB7b6fH/yc62EJEZqkQ71Tb45WcRQZ8/zV4WS9ZQjud5F5aGnGbM8j0cHoVZUYED/RFfKtSgJQvKdXQGucdjp6s7hIidCrGN9j5I+qqOjTkyKZfqFXPSDJVim3SWiJgNblfVEOWmptLzao2GsoOhE1RyLIq/ root@ubuntu-xenial
-----END SSH HOST KEY KEYS-----
[   10.529920] cloud-init[1343]: Cloud-init v. 21.1-19-gbad84ad4-0ubuntu1~16.04.2 running 'modules:final' at Wed, 03 Aug 2022 11:09:25 +0000. Up 10.42 seconds.
[   10.531236] cloud-init[1343]: ci-info: no authorized SSH keys fingerprints found for user ubuntu.
[   10.532302] cloud-init[1343]: Cloud-init v. 21.1-19-gbad84ad4-0ubuntu1~16.04.2 finished at Wed, 03 Aug 2022 11:09:25 +0000. Datasource DataSourceNoCloud [seed=/dev/sdb][dsmode=net].  Up 10.52 seconds
[[0;32m  OK  [0m] Started Execute cloud user/final scripts.
[[0;32m  OK  [0m] Reached target Cloud-init target.

Ubuntu 16.04.7 LTS ubuntu-xenial ttyS0

ubuntu-xenial login: 